C51 COMPILER V9.54   MAIN                                                                  11/07/2023 01:11:48 PAGE 1   


C51 COMPILER V9.54, COMPILATION OF MODULE MAIN
OBJECT MODULE PLACED IN .\Objects\main.obj
COMPILER INVOKED BY: D:\software\keilc51\C51\BIN\C51.EXE main.c OPTIMIZE(8,SPEED) BROWSE DEBUG OBJECTEXTEND PRINT(.\List
                    -ings\main.lst) OBJECT(.\Objects\main.obj)

line level    source

   1          #include <REGX52.H>
   2          #include <Delay.h>
   3          #include <key_plus.h>
   4          #include <LCD1602.h>
   5          #include <Timer0.h>
   6          #include "Timer1.h"
   7          #include "intrins.h"
   8          
   9          typedef enum{false = 0,true =1} bool;
  10          
  11          int keyNum ;
  12          int interface = 1;
  13          int minute[3] = {0};
  14          int second[3] = {0};
  15          bool timer_enable = 0;
  16          int flag = 0;
  17          sbit speak=P2^5;
  18          
  19          void interfaceChoose(int n);
  20          void beep(void);
  21          
  22          void main()
  23          {
  24   1              LCD_Init();
  25   1              Timer1Init();
  26   1              while(1){
  27   2      
  28   2                      /*for(i =0;i<500;i++){
  29   2                              speak = !speak;
  30   2                      }蜂鸣器*/
  31   2                      if(flag){
  32   3                              flag = 0;
  33   3                              beep();
  34   3                      }
  35   2                      keyNum = key_return();
  36   2                      if(keyNum == 1&& timer_enable == 0){
  37   3                              interface++;
  38   3                              if(interface >= 4)
  39   3                                      interface = 1;
  40   3                      }
  41   2                      if(keyNum == 2&& timer_enable == 0){
  42   3                              minute[interface-1]++;
  43   3                              if(minute[interface-1]==10)
  44   3                                      minute[interface-1]=0;
  45   3                      }
  46   2                      if(keyNum == 3&& timer_enable == 0){
  47   3                              second[interface-1]++;
  48   3                              if(second[interface-1]==60)
  49   3                                      second[interface-1]=0;
  50   3                      }
  51   2                      if(keyNum == 4){
  52   3                              timer_enable = !timer_enable;
  53   3                      }
  54   2                      //数组实现数据结构（？）
C51 COMPILER V9.54   MAIN                                                                  11/07/2023 01:11:48 PAGE 2   

  55   2                      //LCD_ShowNum(1,1,interface,1);
  56   2                      interfaceChoose(interface);
  57   2              }
  58   1      }
  59          void interfaceChoose(int n){
  60   1              if(n==1)
  61   1                      LCD_ShowString(1,1,"Num1_");//LCD_ShowNum(1,6,minute[0],2);LCD_ShowString(1,8,":");LCD_ShowNum(1,9,secon
             -d[0],2);
  62   1              if(n==2)
  63   1                      LCD_ShowString(1,1,"Num2_");//LCD_ShowNum(1,6,minute[1],2);LCD_ShowString(1,8,":");LCD_ShowNum(1,9,secon
             -d[1],2);
  64   1              if(n==3)
  65   1                      LCD_ShowString(1,1,"Num3_");//LCD_ShowNum(1,6,minute[2],2);LCD_ShowString(1,8,":");LCD_ShowNum(1,9,secon
             -d[2],2);
  66   1              LCD_ShowNum(1,6,minute[interface-1],2);LCD_ShowString(1,8,":");LCD_ShowNum(1,9,second[interface-1],2);
  67   1              Delay(20);
  68   1      }
  69          void beep(void){
  70   1      
  71   1              int i =3000;
  72   1              while(i--){
  73   2                      speak=!speak;
  74   2                      Delay(1);
  75   2              }
  76   1              i = 0;
  77   1              speak = 0;
  78   1      }
  79          
  80          
  81          
  82          void Timer1_Rountine(void) interrupt 3
  83          {
  84   1              static unsigned int key,t1;
  85   1              TL1 = 0x66;             //设置定时初值
  86   1              TH1 = 0xFC;             //设置定时初值
  87   1              key++;t1++;
  88   1              if(t1==1000 ){
  89   2                      /*if(timer_enable){
  90   2                              second[interface-1]--;
  91   2                              if(second[interface-1]<0){
  92   2                                      minute[interface-1]--;
  93   2                                      if(minute[interface-1]<0){ //计时结束 
  94   2                                              second[interface-1]=0;
  95   2                                              minute[interface-1]=0;
  96   2                                              timer_enable = 0;
  97   2                                              P2_1 = 0;//test
  98   2                                              flag = 1;
  99   2                                      }
 100   2                                      if(minute[interface-1]>=0){
 101   2                                              second[interface-1]=59;
 102   2                                      }
 103   2                                      
 104   2                              }
 105   2                      }*/
 106   2                      if(timer_enable){
 107   3                              if(second[interface-1]==0){
 108   4                                      if(minute[interface-1]==0){
 109   5                                              second[interface-1]=0;
 110   5                                              minute[interface-1]=0;
 111   5                                              timer_enable = 0;
 112   5                                              P2_1 = 0;//test
 113   5                                              flag = 1;
C51 COMPILER V9.54   MAIN                                                                  11/07/2023 01:11:48 PAGE 3   

 114   5                                      }else{
 115   5                                              minute[interface-1]--;
 116   5                                              second[interface-1]=59;
 117   5                                      }
 118   4                                      
 119   4                              }else
 120   3                              {
 121   4                                      second[interface-1]--;
 122   4                              }
 123   3                      }
 124   2                      t1 = 0;
 125   2              }
 126   1              if(key>20)      //每隔20毫秒调用按键扫描函数
 127   1              {
 128   2                      key_loop();
 129   2                      key = 0;
 130   2              }
 131   1      
 132   1      
 133   1      }


MODULE INFORMATION:   STATIC OVERLAYABLE
   CODE SIZE        =    593    ----
   CONSTANT SIZE    =     20    ----
   XDATA SIZE       =   ----    ----
   PDATA SIZE       =   ----    ----
   DATA SIZE        =     23       4
   IDATA SIZE       =   ----    ----
   BIT SIZE         =   ----    ----
END OF MODULE INFORMATION.


C51 COMPILATION COMPLETE.  0 WARNING(S),  0 ERROR(S)
