C51 COMPILER V9.54   TIMER1                                                                11/06/2023 23:39:26 PAGE 1   


C51 COMPILER V9.54, COMPILATION OF MODULE TIMER1
OBJECT MODULE PLACED IN .\Objects\Timer1.obj
COMPILER INVOKED BY: D:\software\keilc51\C51\BIN\C51.EXE Timer1.c OPTIMIZE(8,SPEED) BROWSE DEBUG OBJECTEXTEND PRINT(.\Li
                    -stings\Timer1.lst) OBJECT(.\Objects\Timer1.obj)

line level    source

   1          #include <REGX52.H>
   2          
   3          void Timer1Init(void)           //1毫秒@11.0592MHz
   4          {
   5   1              TMOD &= 0x0F;           //设置定时器模式
   6   1              TMOD |= 0x10;           //设置定时器模式
   7   1              TL1 = 0x66;             //设置定时初值
   8   1              TH1 = 0xFC;             //设置定时初值
   9   1              TF1 = 0;                //清除TF1标志
  10   1              TR1 = 1;                //定时器1开始计时
  11   1              EA =1;
  12   1              ET1 =1;
  13   1      }


MODULE INFORMATION:   STATIC OVERLAYABLE
   CODE SIZE        =     21    ----
   CONSTANT SIZE    =   ----    ----
   XDATA SIZE       =   ----    ----
   PDATA SIZE       =   ----    ----
   DATA SIZE        =   ----    ----
   IDATA SIZE       =   ----    ----
   BIT SIZE         =   ----    ----
END OF MODULE INFORMATION.


C51 COMPILATION COMPLETE.  0 WARNING(S),  0 ERROR(S)
