C51 COMPILER V9.54   MAIN                                                                  12/13/2023 15:21:15 PAGE 1   


C51 COMPILER V9.54, COMPILATION OF MODULE MAIN
OBJECT MODULE PLACED IN .\Objects\main.obj
COMPILER INVOKED BY: D:\software\keilc51\C51\BIN\C51.EXE main.c OPTIMIZE(8,SPEED) BROWSE DEBUG OBJECTEXTEND PRINT(.\List
                    -ings\main.lst) OBJECT(.\Objects\main.obj)

line level    source

   1          #include <REGX52.H>
   2          #include <INTRINS.H>
   3          #include "LCD1602.h"    //包含LCD1602头文件
   4          #include "Delay.h"              //包含Delay头文件
   5          //#include "MatrixKey.h"
   6          //#include "Timer0.h"
   7          //#include "key.h"
   8          //#include "DS1302.h"
   9          //#include "Nixie.h"
  10          //#include "AT24C02.h"
  11          #include "key_selfPlus.h"
  12          #include "XPT2046.h"
  13          
  14          sbit motor = P1^0;
  15          sbit beep = P2^5;
  16          int i = 0;
  17          
  18          typedef enum{false = 0,true =1} bool;
  19          unsigned int keyNum = 0;
  20          unsigned int count,compare;
  21          unsigned char mode = 0;
  22          unsigned int ad1,ad2,ad3;
  23          void main()
  24          {
  25   1      
  26   1      //      Timer0Init();
  27   1              count = 0;
  28   1              LCD_Init();
  29   1              LCD_ShowString(1,1,"wdnmd");
  30   1              while(1){
  31   2                      ad1=XPT2046_readAD(XPT2046_XP);
  32   2                      LCD_ShowNum(2,1,ad1,4);
  33   2                      Delay(10);
  34   2                      ad2=XPT2046_readAD(XPT2046_YP);
  35   2                      LCD_ShowNum(2,6,ad2,4);
  36   2                      Delay(10);
  37   2                      ad3=XPT2046_readAD(XPT2046_VBAT);
  38   2                      LCD_ShowNum(2,11,ad3,4);
  39   2                      Delay(10);
  40   2                      
  41   2              }
  42   1              
  43   1              
  44   1      }
  45          
  46          
  47          //void Timer0_Rountine(void) interrupt 1
  48          //{
  49          //      static unsigned int T0count;
  50          //      T0count++;
  51          //      TL0 = 0x66;             //设置定时初值
  52          //      TH0 = 0xFC;             //设置定时初值
  53          //      if(T0count == 20){
  54          //              //P2_5 = 0;
C51 COMPILER V9.54   MAIN                                                                  12/13/2023 15:21:15 PAGE 2   

  55          //              key_loop();
  56          //              T0count = 0;
  57          //      }
  58          //      count++;
  59          //      count%=100;
  60          //      if(count<compare)
  61          //              motor = 1;
  62          //      if(count>=compare)
  63          //              motor = 0;
  64          //}


MODULE INFORMATION:   STATIC OVERLAYABLE
   CODE SIZE        =    113    ----
   CONSTANT SIZE    =      6    ----
   XDATA SIZE       =   ----    ----
   PDATA SIZE       =   ----    ----
   DATA SIZE        =     15    ----
   IDATA SIZE       =   ----    ----
   BIT SIZE         =   ----    ----
END OF MODULE INFORMATION.


C51 COMPILATION COMPLETE.  0 WARNING(S),  0 ERROR(S)
