C51 COMPILER V9.54   XPT2046                                                               12/13/2023 15:21:15 PAGE 1   


C51 COMPILER V9.54, COMPILATION OF MODULE XPT2046
OBJECT MODULE PLACED IN .\Objects\XPT2046.obj
COMPILER INVOKED BY: D:\software\keilc51\C51\BIN\C51.EXE XPT2046.c OPTIMIZE(8,SPEED) BROWSE DEBUG OBJECTEXTEND PRINT(.\L
                    -istings\XPT2046.lst) OBJECT(.\Objects\XPT2046.obj)

line level    source

   1          #include <REGX52.H>
   2          #include <XPT2046.h>
   3          
   4          sbit XPT2046_DIN =P3^4;
   5          sbit XPT2046_CS  =P3^5;
   6          sbit XPT2046_DCLK =P3^6;
   7          sbit XPT2046_DOUT =P3^7;
   8          
   9          unsigned int XPT2046_readAD(unsigned char command){
  10   1              unsigned int value=0;
  11   1              int i;
  12   1              XPT2046_DCLK=0;
  13   1              XPT2046_CS =0;
  14   1              for( i =0;i<8;i++){
  15   2                      XPT2046_DIN = (command&(0x80>>i));
  16   2                      XPT2046_DCLK =1;
  17   2                      XPT2046_DCLK =0;
  18   2              }
  19   1              for(i =0;i<16;i++){
  20   2                      XPT2046_DCLK =1;
  21   2                      XPT2046_DCLK =0;
  22   2                      if(XPT2046_DOUT)
  23   2                              {value|=(0x8000>>i);}
  24   2                      }
  25   1              XPT2046_CS=1;
  26   1              if((command&0x04)==0x04){ //×¢ÒâÌõ¼þ
  27   2                              return (value>>8);
  28   2                      }else
  29   1                      {
  30   2                              return (value>>4);
  31   2                      }
  32   1              }
  33                  
  34          


MODULE INFORMATION:   STATIC OVERLAYABLE
   CODE SIZE        =    128    ----
   CONSTANT SIZE    =   ----    ----
   XDATA SIZE       =   ----    ----
   PDATA SIZE       =   ----    ----
   DATA SIZE        =   ----       2
   IDATA SIZE       =   ----    ----
   BIT SIZE         =   ----    ----
END OF MODULE INFORMATION.


C51 COMPILATION COMPLETE.  0 WARNING(S),  0 ERROR(S)
