C51 COMPILER V9.54   MAIN                                                                  01/22/2024 16:47:51 PAGE 1   


C51 COMPILER V9.54, COMPILATION OF MODULE MAIN
OBJECT MODULE PLACED IN .\Objects\main.obj
COMPILER INVOKED BY: D:\software\keilc51\C51\BIN\C51.EXE main.c OPTIMIZE(8,SPEED) BROWSE DEBUG OBJECTEXTEND PRINT(.\List
                    -ings\main.lst) OBJECT(.\Objects\main.obj)

line level    source

   1          #include <REGX52.H>
   2          #include "Timer0.h"
   3          #include "trace.h"
   4          
   5          typedef enum{false = 0,true =1} bool;
   6          int pwmL,pwmR;
   7          
   8          sbit OUT1 = P1^0;
   9          sbit OUT2 = P1^1;
  10          sbit OUT3 = P1^2;
  11          sbit OUT4 = P2^3;
  12          //out为高电平时，电机转动
  13          
  14          
  15          
  16          int main(void){
  17   1              Timer0Init();
  18   1              P1=0x00;
  19   1              while(1){
  20   2                      controlMotor();
  21   2              }
  22   1              
  23   1      }
  24          
  25          void Timer0_Rountine(void) interrupt 1
  26          {
  27   1              static unsigned int countT;
  28   1              countT++;
  29   1              countT%=100;
  30   1              TL0 = 0x66;             //设置定时初值
  31   1              TH0 = 0xFC;             //设置定时初值
  32   1              if(pwmL<=countT){
  33   2                      OUT1 = 0;
  34   2              }
  35   1              if(pwmL>countT){
  36   2                      OUT1 = 1;
  37   2              }
  38   1              
  39   1              if(pwmR<=countT){
  40   2                      OUT2 = 0;
  41   2              }
  42   1              if(pwmR>countT){
  43   2                      OUT2 = 1;
  44   2              }
  45   1      
  46   1      }


MODULE INFORMATION:   STATIC OVERLAYABLE
   CODE SIZE        =    127    ----
   CONSTANT SIZE    =   ----    ----
   XDATA SIZE       =   ----    ----
   PDATA SIZE       =   ----    ----
   DATA SIZE        =      6    ----
C51 COMPILER V9.54   MAIN                                                                  01/22/2024 16:47:51 PAGE 2   

   IDATA SIZE       =   ----    ----
   BIT SIZE         =   ----    ----
END OF MODULE INFORMATION.


C51 COMPILATION COMPLETE.  0 WARNING(S),  0 ERROR(S)
