C51 COMPILER V9.54   TRACE                                                                 01/22/2024 16:47:51 PAGE 1   


C51 COMPILER V9.54, COMPILATION OF MODULE TRACE
OBJECT MODULE PLACED IN .\Objects\trace.obj
COMPILER INVOKED BY: D:\software\keilc51\C51\BIN\C51.EXE trace.c OPTIMIZE(8,SPEED) BROWSE DEBUG OBJECTEXTEND PRINT(.\Lis
                    -tings\trace.lst) OBJECT(.\Objects\trace.obj)

line level    source

   1          #include <REGX52.H>
   2          #include "trace.h"
   3          extern int pwmL,pwmR;
   4          void controlMotor(void){
   5   1              if(trace1==0&&trace2==0&&trace3==0&&trace4==0)//四个传感器都未检测到黑线
   6   1              { 
   7   2                      pwmL =0;pwmR = 0;
   8   2              }
   9   1              if(trace1==0&&trace2==1&&trace3==1&&trace4==0)//正中黑线
  10   1                      { 
  11   2                              pwmL =100 ;pwmR = 100;
  12   2                      }
  13   1              if(trace1==0&&trace2==0&&trace3==1&&trace4==0)//偏右，向左矫正
  14   1                      { 
  15   2                              pwmL =40 ;pwmR = 100;
  16   2                      }
  17   1              if(trace1==0&&trace2==1&&trace3==0&&trace4==0)//偏左，向右矫正
  18   1                      { 
  19   2                              pwmL =100 ;pwmR = 40;
  20   2                      }
  21   1                      
  22   1                      
  23   1      
  24   1      }


MODULE INFORMATION:   STATIC OVERLAYABLE
   CODE SIZE        =     94    ----
   CONSTANT SIZE    =   ----    ----
   XDATA SIZE       =   ----    ----
   PDATA SIZE       =   ----    ----
   DATA SIZE        =   ----    ----
   IDATA SIZE       =   ----    ----
   BIT SIZE         =   ----    ----
END OF MODULE INFORMATION.


C51 COMPILATION COMPLETE.  0 WARNING(S),  0 ERROR(S)
