C51 COMPILER V9.54   CONTROL                                                               03/06/2024 20:25:28 PAGE 1   


C51 COMPILER V9.54, COMPILATION OF MODULE CONTROL
OBJECT MODULE PLACED IN .\Objects\control.obj
COMPILER INVOKED BY: D:\software\keilc51\C51\BIN\C51.EXE control.c OPTIMIZE(8,SPEED) BROWSE DEBUG OBJECTEXTEND PRINT(.\L
                    -istings\control.lst) OBJECT(.\Objects\control.obj)

line level    source

   1          #include <REGX52.H>
   2          #include "control.h"
   3          #include "Delay.h"
   4          
   5          //extern sbit IN1=P1^4;
   6          //extern sbit IN2=P1^5;
   7          //extern sbit IN3=P1^3;
   8          //extern sbit IN4=P1^2;
   9          //extern sbit EN1=P1^7;
  10          //extern sbit EN2=P1^6;
  11          //extern sbit trace1  =P2^3;
  12          //extern sbit trace2  =P2^2;
  13          //extern sbit trace3  =P2^1;
  14          //extern sbit trace4  =P2^0;
  15          
  16          #define R_FIX 0 //”“–ﬁ’˝¡ø£®≥µ“ª÷±œÚ”“∆´£©
  17          
  18          //c_ –°≥µ≥µ¬÷‘À∂Øøÿ÷∆∫Ø ˝
  19          extern int pwmL,pwmR;
  20          void c_stop(void){
  21   1              IN2=0;IN3=0;
  22   1              IN1=0;IN4=0;
  23   1              pwmL=0;pwmR=0;
  24   1      }
  25          void c_goStraight(void){
  26   1              IN2=1;IN3=1;
  27   1              IN1=0;IN4=0;
  28   1              pwmL=30;pwmR=30+R_FIX;//30
  29   1      }
  30          void c_turnLeft(void){
  31   1              IN2=1;IN3=1;
  32   1              IN1=0;IN4=0;
  33   1              pwmL=15;pwmR=24+R_FIX;
  34   1      }
  35          void c_turnRight(void){
  36   1              IN2=1;IN3=1;
  37   1              IN1=0;IN4=0;
  38   1              pwmL=24;pwmR=15+R_FIX;
  39   1      }
  40          void c_turnLeftStop(void){ //Â∑¶ËΩÆÂÅúÊ≠¢
  41   1              IN2=0;IN3=1;
  42   1              IN1=1;IN4=0;
  43   1              pwmL=25;pwmR=25+R_FIX;
  44   1      }
  45          
  46          
  47          void control(){
  48   1              if(trace4 == 0 &&trace3 == 0 &&trace2== 0 &&trace1 == 0 )//‰ªÄ‰πà‰πüÊ≤°Êúâ
  49   1              {
  50   2                      c_stop();
  51   2              }
  52   1              if(trace4 == 1 &&trace3 == 1 &&trace2== 1 &&trace1 == 1 )//Âõõ‰∏™‰º†ÊÑüÂô®ÈÉΩÊÑüÂ∫îÂà∞ÈªëÁ∫ø
  53   1              {
  54   2                      c_goStraight();
C51 COMPILER V9.54   CONTROL                                                               03/06/2024 20:25:28 PAGE 2   

  55   2              }
  56   1              if(trace4 == 0 &&trace3 == 1 &&trace2== 1 &&trace1 == 0)//Â∞èËΩ¶Áõ¥Ë°å
  57   1              {
  58   2                       //c_turnLeftStop();//
  59   2                      c_goStraight();
  60   2              }
  61   1              if(trace4 == 0 &&trace3 == 0 &&trace2== 1 &&trace1 == 0)//ÂÅèÂ∑¶ÔºåÂêëÂè≥
  62   1              {
  63   2                      c_turnRight();
  64   2                      Delay(4);
  65   2                      if(trace4 == 0 &&trace3 == 0 &&trace2== 0 &&trace1 == 0)
  66   2                      {
  67   3                              c_turnLeft();
  68   3                              Delay(50);
  69   3                      }
  70   2              }
  71   1              if(trace4 == 0 &&trace3 == 1 &&trace2== 0 &&trace1 == 0)//ÂÅèÊúâÔºåÂêëÂ∑¶
  72   1              {
  73   2                      c_turnLeft();
  74   2                      Delay(4);
  75   2                      if(trace4 == 0 &&trace3 == 0 &&trace2== 0 &&trace1 == 0)
  76   2                      {
  77   3                              c_turnRight();
  78   3                              Delay(50);
  79   3                      }
  80   2              }
  81   1              
  82   1      
  83   1              if((trace4 == 1 &&trace3 == 1 &&trace2== 1 &&trace1 == 0 )||(trace4 == 1 &&trace3 == 1 &&trace2== 0 &&tra
             -ce1 == 0))//÷±Áõ¥ËßíÂ∑¶ËΩ¨
  84   1              {
  85   2                      c_goStraight();
  86   2                      Delay(50);//
  87   2                      if(trace4 == 0 &&trace3 == 0 &&trace2== 0 &&trace1 == 0 )//Â∑¶ËΩ¨‰∏≠
  88   2                      {
  89   3                              c_stop();
  90   3                              Delay(200);
  91   3                              c_turnLeftStop();
  92   3                              while(!(trace4 == 0 &&trace3 == 1 &&trace2== 0 &&trace1 == 0||trace4 == 0 &&trace3 == 1 &&trace2== 1 &&
             -trace1 == 0));
  93   3                              //ÊîπÂä®ÂºÄÂßã
  94   3                              c_goStraight();
  95   3                              Delay(600);
  96   3                              IN2=1;IN3=0;
  97   3                              IN1=0;IN4=0;
  98   3                              pwmL=15;pwmR=0;
  99   3                              Delay(300);
 100   3                              //ÊîπÂä®ÁªìÊùü
 101   3                      }
 102   2              }
 103   1              if(trace4 == 1 &&trace3 == 0 &&trace2== 0 &&trace1 == 0 )//Â§ßÂúÜÂºßËΩ¨ÂºØÂêëÂ∑¶
 104   1              {
 105   2                      IN2=1;IN3=1;
 106   2                      IN1=0;IN4=0;
 107   2                      pwmL=10;pwmR=40+R_FIX;
 108   2              }
 109   1              if(trace4 == 0 &&trace3 == 0 &&trace2== 0 &&trace1 == 1 )//Â§ßÂúÜÂºßËΩ¨ÂºØÂêëÂè≥
 110   1              {
 111   2                      IN2=1;IN3=1;
 112   2                      IN1=0;IN4=0;
 113   2                      pwmL=40;pwmR=10;
 114   2              }
C51 COMPILER V9.54   CONTROL                                                               03/06/2024 20:25:28 PAGE 3   

 115   1      
 116   1      }


MODULE INFORMATION:   STATIC OVERLAYABLE
   CODE SIZE        =    419    ----
   CONSTANT SIZE    =   ----    ----
   XDATA SIZE       =   ----    ----
   PDATA SIZE       =   ----    ----
   DATA SIZE        =   ----    ----
   IDATA SIZE       =   ----    ----
   BIT SIZE         =   ----    ----
END OF MODULE INFORMATION.


C51 COMPILATION COMPLETE.  0 WARNING(S),  0 ERROR(S)
