C51 COMPILER V9.54   TIMER0                                                                03/06/2024 20:25:28 PAGE 1   


C51 COMPILER V9.54, COMPILATION OF MODULE TIMER0
OBJECT MODULE PLACED IN .\Objects\Timer0.obj
COMPILER INVOKED BY: D:\software\keilc51\C51\BIN\C51.EXE Timer0.c OPTIMIZE(8,SPEED) BROWSE DEBUG OBJECTEXTEND PRINT(.\Li
                    -stings\Timer0.lst) OBJECT(.\Objects\Timer0.obj)

line level    source

   1          #include <REGX52.H>
   2          
   3          
   4          void Timer0Init(void)           //1毫秒@11.0592MHz
   5          {
   6   1              TMOD &= 0xF0;           //设置定时器模式
   7   1              TMOD |= 0x01;           //设置定时器模式
   8   1              TL0 = 0x66;             //设置定时初值
   9   1              TH0 = 0xFC;             //设置定时初值
  10   1              TF0 = 0;                //清除TF0标志
  11   1              TR0 = 1;                //定时器0开始计时
  12   1              EA = 1;
  13   1              ET0 = 1;
  14   1              
  15   1      }


MODULE INFORMATION:   STATIC OVERLAYABLE
   CODE SIZE        =     21    ----
   CONSTANT SIZE    =   ----    ----
   XDATA SIZE       =   ----    ----
   PDATA SIZE       =   ----    ----
   DATA SIZE        =   ----    ----
   IDATA SIZE       =   ----    ----
   BIT SIZE         =   ----    ----
END OF MODULE INFORMATION.


C51 COMPILATION COMPLETE.  0 WARNING(S),  0 ERROR(S)
