C51 COMPILER V9.54   KEY                                                                   11/14/2023 22:46:02 PAGE 1   


C51 COMPILER V9.54, COMPILATION OF MODULE KEY
OBJECT MODULE PLACED IN .\Objects\key.obj
COMPILER INVOKED BY: D:\software\keilc51\C51\BIN\C51.EXE key.c OPTIMIZE(8,SPEED) BROWSE DEBUG OBJECTEXTEND PRINT(.\Listi
                    -ngs\key.lst) OBJECT(.\Objects\key.obj)

line level    source

   1          #include <REGX52.H>
   2          #include "Delay.h"
   3          
   4          unsigned int key(void){
   5   1              int keyNum = 0;
   6   1              if(P3_1 == 0){Delay(20);while(P3_1 == 0);Delay(20);keyNum = 1;}
   7   1              if(P3_0 == 0){Delay(20);while(P3_0 == 0);Delay(20);keyNum = 2;}
   8   1              if(P3_2 == 0){Delay(20);while(P3_2 == 0);Delay(20);keyNum = 3;}
   9   1              if(P3_3 == 0){Delay(20);while(P3_3 == 0);Delay(20);keyNum = 4;}
  10   1              return keyNum;
  11   1      }


MODULE INFORMATION:   STATIC OVERLAYABLE
   CODE SIZE        =    113    ----
   CONSTANT SIZE    =   ----    ----
   XDATA SIZE       =   ----    ----
   PDATA SIZE       =   ----    ----
   DATA SIZE        =   ----       2
   IDATA SIZE       =   ----    ----
   BIT SIZE         =   ----    ----
END OF MODULE INFORMATION.


C51 COMPILATION COMPLETE.  0 WARNING(S),  0 ERROR(S)
