C51 COMPILER V9.54   MAIN                                                                  01/24/2024 22:18:34 PAGE 1   


C51 COMPILER V9.54, COMPILATION OF MODULE MAIN
OBJECT MODULE PLACED IN .\Objects\main.obj
COMPILER INVOKED BY: D:\software\keilc51\C51\BIN\C51.EXE main.c OPTIMIZE(8,SPEED) BROWSE DEBUG OBJECTEXTEND PRINT(.\List
                    -ings\main.lst) OBJECT(.\Objects\main.obj)

line level    source

   1          #include <REGX52.H>
   2          
   3          
   4          
   5          sbit ENA = P1^0;
   6          sbit IN1 = P1^1;
   7          sbit IN2 = P1^2;
   8          sbit IN3 = P1^4;
   9          sbit IN4 = P1^5;
  10          sbit ENB = P1^6;
  11          
  12          
  13          
  14          int main(void){
  15   1              P1 = 0x00;
  16   1              IN1=1;IN3=1;
  17   1              ENA=1;ENB=1;
  18   1              return 0 ;
  19   1      }


MODULE INFORMATION:   STATIC OVERLAYABLE
   CODE SIZE        =     14    ----
   CONSTANT SIZE    =   ----    ----
   XDATA SIZE       =   ----    ----
   PDATA SIZE       =   ----    ----
   DATA SIZE        =   ----    ----
   IDATA SIZE       =   ----    ----
   BIT SIZE         =   ----    ----
END OF MODULE INFORMATION.


C51 COMPILATION COMPLETE.  0 WARNING(S),  0 ERROR(S)
