C51 COMPILER V9.54   INIT0                                                                 12/21/2023 21:21:40 PAGE 1   


C51 COMPILER V9.54, COMPILATION OF MODULE INIT0
OBJECT MODULE PLACED IN .\Objects\Init0.obj
COMPILER INVOKED BY: D:\software\keilc51\C51\BIN\C51.EXE Init0.c OPTIMIZE(8,SPEED) BROWSE DEBUG OBJECTEXTEND PRINT(.\Lis
                    -tings\Init0.lst) OBJECT(.\Objects\Init0.obj)

line level    source

   1          #include <REGX52.H>
   2          
   3          void Int0_Init(void){
   4   1              IT0 =1;
   5   1              IE0 = 0;
   6   1              EX0  =1;
   7   1              EA =1;
   8   1              PX0 =1;
   9   1      }


MODULE INFORMATION:   STATIC OVERLAYABLE
   CODE SIZE        =     11    ----
   CONSTANT SIZE    =   ----    ----
   XDATA SIZE       =   ----    ----
   PDATA SIZE       =   ----    ----
   DATA SIZE        =   ----    ----
   IDATA SIZE       =   ----    ----
   BIT SIZE         =   ----    ----
END OF MODULE INFORMATION.


C51 COMPILATION COMPLETE.  0 WARNING(S),  0 ERROR(S)
