C51 COMPILER V9.54   IR                                                                    12/21/2023 21:21:40 PAGE 1   


C51 COMPILER V9.54, COMPILATION OF MODULE IR
OBJECT MODULE PLACED IN .\Objects\IR.obj
COMPILER INVOKED BY: D:\software\keilc51\C51\BIN\C51.EXE IR.c OPTIMIZE(8,SPEED) BROWSE DEBUG OBJECTEXTEND PRINT(.\Listin
                    -gs\IR.lst) OBJECT(.\Objects\IR.obj)

line level    source

   1          #include <REGX52.H>
   2          #include <Init0.h>
   3          #include <Timer0.h>
   4          //#include <LCD1602.h>
   5          
   6          void IR_init(void){
   7   1              Timer0Init();
   8   1              Int0_Init();
   9   1      }
  10          typedef enum{true =1,false =0} bool;
  11          
  12          bool IR_repeatFlag =0;
  13          bool IR_dataFlag =0;
  14          char IR_state =0;
  15          unsigned int IR_time;
  16          unsigned char IR_data[4];
  17          unsigned char IR_Pdata=0;
  18          unsigned char IR_address;
  19          unsigned char IR_command;
  20          
  21          
  22          unsigned char IR_getDataFlag(void){
  23   1              if( IR_dataFlag){
  24   2                       IR_dataFlag =0;
  25   2                      return 1;
  26   2              }
  27   1              return 0;
  28   1      }
  29          unsigned char IR_getRepeatFlag(void){
  30   1              if( IR_repeatFlag){
  31   2                       IR_repeatFlag =0;
  32   2                      return 1;
  33   2              }
  34   1              return 0;
  35   1      }
  36          unsigned char IR_getAddress(void){
  37   1              return IR_address;
  38   1      }
  39          unsigned char IR_getCommand(void){
  40   1              return IR_command;
  41   1      }
  42          
  43          
  44          
  45          
  46          void Int0_Routine(void) interrupt 0
  47          {
  48   1              //P2_1 = ~P2_1;
  49   1              if(IR_state == 0){  //¼ì²âµ½ÏÂ½µÑØ
  50   2                      Timer0_setCounter(0);
  51   2                      Timer0_run(1);
  52   2                      IR_state = 1;
  53   2              } 
  54   1              else if(IR_state == 1){
C51 COMPILER V9.54   IR                                                                    12/21/2023 21:21:40 PAGE 2   

  55   2                      IR_time =Timer0_getCounter();
  56   2                      Timer0_setCounter(0);
  57   2                      //LCD_ShowNum(2,1,IR_time,5);
  58   2                      if(IR_time>=12442-500 && IR_time<= 12442+500){
  59   3                                                      //P2=0;//////////
  60   3                              IR_state = 2;
  61   3                      }else if(IR_time>=10368-500 && IR_time<= 10368+500){
  62   3                              IR_repeatFlag =1;
  63   3                              Timer0_run(0);
  64   3                              IR_state =0;
  65   3                      }else{
  66   3                              IR_state =1;
  67   3                      }
  68   2              }
  69   1              else if(IR_state == 2){
  70   2                      IR_time =Timer0_getCounter();
  71   2                      Timer0_setCounter(0);
  72   2                      if(IR_time>=1032-600 && IR_time<= 1032+600){
  73   3                              IR_data[IR_Pdata/8] &= ~(0x01<<(IR_Pdata%8));
  74   3                              IR_Pdata++;
  75   3                      }
  76   2                      else if(IR_time>=2074-600 && IR_time<= 2074+600){
  77   3                              IR_data[IR_Pdata/8] |= (0x01<<(IR_Pdata%8));
  78   3                              IR_Pdata++;
  79   3                      }else{
  80   3                              IR_Pdata =0;
  81   3                              IR_state =1;
  82   3                      }
  83   2      
  84   2                      if(IR_Pdata>=32){
  85   3                              IR_Pdata =0;
  86   3                              if(IR_data[0] == ~(IR_data[1]) &&IR_data[2] == ~(IR_data[3])){
  87   4                                      IR_dataFlag =1;
  88   4                                      IR_address = IR_data[0];
  89   4                                      IR_command = IR_data[2];
  90   4                              }
  91   3                              Timer0_run(0);
  92   3                              IR_state =0;
  93   3                      }
  94   2              }
  95   1      }
  96          
  97          
  98          
  99          
 100          
 101          
 102          
 103          
 104          
 105          
 106          
 107          
 108          


MODULE INFORMATION:   STATIC OVERLAYABLE
   CODE SIZE        =    374    ----
   CONSTANT SIZE    =   ----    ----
   XDATA SIZE       =   ----    ----
   PDATA SIZE       =   ----    ----
   DATA SIZE        =     12    ----
C51 COMPILER V9.54   IR                                                                    12/21/2023 21:21:40 PAGE 3   

   IDATA SIZE       =   ----    ----
   BIT SIZE         =   ----    ----
END OF MODULE INFORMATION.


C51 COMPILATION COMPLETE.  0 WARNING(S),  0 ERROR(S)
