C51 COMPILER V9.54   MAIN                                                                  12/21/2023 21:21:40 PAGE 1   


C51 COMPILER V9.54, COMPILATION OF MODULE MAIN
OBJECT MODULE PLACED IN .\Objects\main.obj
COMPILER INVOKED BY: D:\software\keilc51\C51\BIN\C51.EXE main.c OPTIMIZE(8,SPEED) BROWSE DEBUG OBJECTEXTEND PRINT(.\List
                    -ings\main.lst) OBJECT(.\Objects\main.obj)

line level    source

   1          #include <REGX52.H>
   2          #include <Delay.h>
   3          #include <LCD1602.h>
   4          #include <Init0.h>
   5          #include <Timer0.h>
   6          #include <IR.h>
   7          
   8          unsigned int count =0;
   9          unsigned char address;
  10          unsigned char command;
  11          
  12          void main(){
  13   1              IR_init();
*** WARNING C206 IN LINE 13 OF main.c: 'IR_init': missing function-prototype
  14   1              LCD_Init();
  15   1      
  16   1              while(1){
  17   2                      if(IR_getDataFlag()||IR_getRepeatFlag()){
  18   3                              address=IR_getAddress();
  19   3                              command=IR_getCommand();
  20   3                              LCD_ShowHexNum(2,1,address,2);
  21   3                              LCD_ShowHexNum(2,4,command,2);
  22   3                              LCD_ShowNum(2,7,count,3);
  23   3                              if(command == IR_VOL_MINUS)
  24   3                                      count--;
  25   3                              if(command == IR_VOL_ADD)
  26   3                                      count++;
  27   3                      }
  28   2                      //LCD_ShowNum(2,1,time,5);
  29   2                      
  30   2              }
  31   1      }
  32          


MODULE INFORMATION:   STATIC OVERLAYABLE
   CODE SIZE        =    100    ----
   CONSTANT SIZE    =   ----    ----
   XDATA SIZE       =   ----    ----
   PDATA SIZE       =   ----    ----
   DATA SIZE        =      4    ----
   IDATA SIZE       =   ----    ----
   BIT SIZE         =   ----    ----
END OF MODULE INFORMATION.


C51 COMPILATION COMPLETE.  1 WARNING(S),  0 ERROR(S)
