C51 COMPILER V9.54   TIMER0                                                                12/21/2023 21:21:40 PAGE 1   


C51 COMPILER V9.54, COMPILATION OF MODULE TIMER0
OBJECT MODULE PLACED IN .\Objects\Timer0.obj
COMPILER INVOKED BY: D:\software\keilc51\C51\BIN\C51.EXE Timer0.c OPTIMIZE(8,SPEED) BROWSE DEBUG OBJECTEXTEND PRINT(.\Li
                    -stings\Timer0.lst) OBJECT(.\Objects\Timer0.obj)

line level    source

   1          #include <REGX52.H>
   2          void Timer0Init(void)           //1毫秒@11.0592MHz
   3          {
   4   1              TMOD &= 0xF0;           //设置定时器模式
   5   1              TMOD |= 0x01;
   6   1              TL0 = 0;                //设置定时初值
   7   1              TH0 = 0;                //设置定时初值
   8   1              TF0 = 0;                //清除TF0标志
   9   1              TR0 = 0;                //定时器0不计时
  10   1      }
  11          void Timer0_setCounter(int value){
  12   1              TL0 = value%256;
  13   1              TH0 = value/256;
  14   1      }
  15          void Timer0_run(unsigned char flag){
  16   1              TR0 = flag;
  17   1      }
  18          unsigned int Timer0_getCounter(void){
  19   1              return (TH0<<8)|TL0;
  20   1      }


MODULE INFORMATION:   STATIC OVERLAYABLE
   CODE SIZE        =     58    ----
   CONSTANT SIZE    =   ----    ----
   XDATA SIZE       =   ----    ----
   PDATA SIZE       =   ----    ----
   DATA SIZE        =   ----    ----
   IDATA SIZE       =   ----    ----
   BIT SIZE         =   ----    ----
END OF MODULE INFORMATION.


C51 COMPILATION COMPLETE.  0 WARNING(S),  0 ERROR(S)
