C51 COMPILER V9.54   MAIN                                                                  11/29/2023 14:42:05 PAGE 1   


C51 COMPILER V9.54, COMPILATION OF MODULE MAIN
OBJECT MODULE PLACED IN .\Objects\main.obj
COMPILER INVOKED BY: D:\software\keilc51\C51\BIN\C51.EXE main.c OPTIMIZE(8,SPEED) BROWSE DEBUG OBJECTEXTEND PRINT(.\List
                    -ings\main.lst) OBJECT(.\Objects\main.obj)

line level    source

   1          #include <REGX52.H>
   2          #include <INTRINS.H>
   3          #include "LCD1602.h"    //包含LCD1602头文件
   4          #include "Delay.h"              //包含Delay头文件
   5          //#include "MatrixKey.h"
   6          #include "Timer0.h"
   7          //#include "key.h"
   8          //#include "DS1302.h"
   9          #include "Nixie.h"
  10          #include "AT24C02.h"
  11          #include "key_selfPlus.h"
  12          
  13          sbit motor = P1^0;
  14          sbit beep = P2^5;
  15          int i = 0;
  16          
  17          typedef enum{false = 0,true =1} bool;
  18          unsigned int keyNum = 0;
  19          unsigned int count,compare;
  20          unsigned char mode = 0;
  21          void main()
  22          {
  23   1      
  24   1              Timer0Init();
  25   1              count = 0;
  26   1              while(1){
  27   2                      keyNum = key_return();
  28   2                      if(keyNum == 1){
  29   3                              mode++;
  30   3                              mode%=4;
  31   3                      }
  32   2                      switch(mode){
  33   3                              case 0:compare= 0;break;
  34   3                              case 1:compare = 50;break;
  35   3                              case 2:compare = 75;break;
  36   3                              case 3:compare = 100;break;
  37   3                      }
  38   2                      Nixie(1,mode);
  39   2              }
  40   1              
  41   1              
  42   1      }
  43          
  44          
  45          void Timer0_Rountine(void) interrupt 1
  46          {
  47   1              static unsigned int T0count;
  48   1              T0count++;
  49   1              TL0 = 0x66;             //设置定时初值
  50   1              TH0 = 0xFC;             //设置定时初值
  51   1              if(T0count == 20){
  52   2                      //P2_5 = 0;
  53   2                      key_loop();
  54   2                      T0count = 0;
C51 COMPILER V9.54   MAIN                                                                  11/29/2023 14:42:05 PAGE 2   

  55   2              }
  56   1              count++;
  57   1              count%=100;
  58   1              if(count<compare)
  59   1                      motor = 1;
  60   1              if(count>=compare)
  61   1                      motor = 0;
  62   1      }


MODULE INFORMATION:   STATIC OVERLAYABLE
   CODE SIZE        =    220    ----
   CONSTANT SIZE    =   ----    ----
   XDATA SIZE       =   ----    ----
   PDATA SIZE       =   ----    ----
   DATA SIZE        =     11    ----
   IDATA SIZE       =   ----    ----
   BIT SIZE         =   ----    ----
END OF MODULE INFORMATION.


C51 COMPILATION COMPLETE.  0 WARNING(S),  0 ERROR(S)
