C51 COMPILER V9.54   DELAY                                                                 11/03/2023 02:34:25 PAGE 1   


C51 COMPILER V9.54, COMPILATION OF MODULE DELAY
OBJECT MODULE PLACED IN .\Objects\Delay.obj
COMPILER INVOKED BY: D:\software\keilc51\C51\BIN\C51.EXE Delay.c OPTIMIZE(8,SPEED) BROWSE DEBUG OBJECTEXTEND PRINT(.\Lis
                    -tings\Delay.lst) OBJECT(.\Objects\Delay.obj)

line level    source

   1          
   2          
   3          void Delays(unsigned int xms)           //@12.000MHz
   4          {
   5   1              unsigned char i, j;
   6   1              while(xms--){
   7   2              i = 12;
   8   2              j = 169;
   9   2              do
  10   2              {
  11   3                      while (--j);
  12   3              } while (--i);}
  13   1      }


MODULE INFORMATION:   STATIC OVERLAYABLE
   CODE SIZE        =     21    ----
   CONSTANT SIZE    =   ----    ----
   XDATA SIZE       =   ----    ----
   PDATA SIZE       =   ----    ----
   DATA SIZE        =   ----    ----
   IDATA SIZE       =   ----    ----
   BIT SIZE         =   ----    ----
END OF MODULE INFORMATION.


C51 COMPILATION COMPLETE.  0 WARNING(S),  0 ERROR(S)
