C51 COMPILER V9.54   TIMER2                                                                11/03/2023 02:34:25 PAGE 1   


C51 COMPILER V9.54, COMPILATION OF MODULE TIMER2
OBJECT MODULE PLACED IN .\Objects\Timer2.obj
COMPILER INVOKED BY: D:\software\keilc51\C51\BIN\C51.EXE Timer2.c OPTIMIZE(8,SPEED) BROWSE DEBUG OBJECTEXTEND PRINT(.\Li
                    -stings\Timer2.lst) OBJECT(.\Objects\Timer2.obj)

line level    source

   1          #include <REGX52.H>
   2          void Timer2Init(void)           //1毫秒@11.0592MHz
   3          {
   4   1              T2MOD = 0;              //初始化模式寄存器
   5   1              T2CON = 0;              //初始化控制寄存器
   6   1              TL2 = 0x66;             //设置定时初值
   7   1              TH2 = 0xFC;             //设置定时初值
   8   1              RCAP2L = 0x66;          //设置定时重载值
   9   1              RCAP2H = 0xFC;          //设置定时重载值
  10   1              TR2 = 1;                //定时器2开始计时
  11   1              ET2 = 1;
  12   1      }


MODULE INFORMATION:   STATIC OVERLAYABLE
   CODE SIZE        =     22    ----
   CONSTANT SIZE    =   ----    ----
   XDATA SIZE       =   ----    ----
   PDATA SIZE       =   ----    ----
   DATA SIZE        =   ----    ----
   IDATA SIZE       =   ----    ----
   BIT SIZE         =   ----    ----
END OF MODULE INFORMATION.


C51 COMPILATION COMPLETE.  0 WARNING(S),  0 ERROR(S)
