C51 COMPILER V9.54   CONTROL                                                               01/29/2024 20:55:34 PAGE 1   


C51 COMPILER V9.54, COMPILATION OF MODULE CONTROL
OBJECT MODULE PLACED IN .\Objects\control.obj
COMPILER INVOKED BY: D:\software\keilc51\C51\BIN\C51.EXE control.c OPTIMIZE(8,SPEED) BROWSE DEBUG OBJECTEXTEND PRINT(.\L
                    -istings\control.lst) OBJECT(.\Objects\control.obj)

line level    source

   1          #include <REGX52.H>
   2          #include "control.h"
   3          #include "Delay.h"
   4          
   5          //extern sbit IN1=P1^4;
   6          //extern sbit IN2=P1^5;
   7          //extern sbit IN3=P1^3;
   8          //extern sbit IN4=P1^2;
   9          //extern sbit EN1=P1^7;
  10          //extern sbit EN2=P1^6;
  11          //extern sbit trace1  =P2^3;
  12          //extern sbit trace2  =P2^2;
  13          //extern sbit trace3  =P2^1;
  14          //extern sbit trace4  =P2^0;
  15          
  16          #define R_FIX 6 //右修正量（车一直向右偏）
  17          
  18          //c_ 小车车轮运动控制函数
  19          extern int pwmL,pwmR;
  20          void c_stop(void){
  21   1              IN2=0;IN3=0;
  22   1              IN1=0;IN4=0;
  23   1              pwmL=0;pwmR=0;
  24   1      }
  25          void c_goStraight(void){
  26   1              IN2=1;IN3=1;
  27   1              IN1=0;IN4=0;
  28   1              pwmL=20;pwmR=20+R_FIX;//30
  29   1      }
  30          void c_turnLeft(void){
  31   1              IN2=1;IN3=1;
  32   1              IN1=0;IN4=0;
  33   1              pwmL=15;pwmR=24+R_FIX;
  34   1      }
  35          void c_turnRight(void){
  36   1              IN2=1;IN3=1;
  37   1              IN1=0;IN4=0;
  38   1              pwmL=24;pwmR=15+R_FIX;
  39   1      }
  40          //void c_turnLeftStop(void){
  41          //      IN2=0;IN3=1;
  42          //      IN1=1;IN4=0;
  43          //      pwmL=60;pwmR=40+R_FIX;
  44          //}
  45          //void c_turnRightStop(void){
  46          //      IN2=1;IN3=0;
  47          //      IN1=0;IN4=1;
  48          //      pwmL=40;pwmR=75+R_FIX;
  49          //}
  50          void c_turnLeftFast(void){
  51   1              IN2=1;IN3=1;
  52   1              IN1=0;IN4=0;
  53   1              pwmL=9;pwmR=20+R_FIX;
  54   1      }
C51 COMPILER V9.54   CONTROL                                                               01/29/2024 20:55:34 PAGE 2   

  55          
  56          
  57          void c_turnLeftSlow(void){
  58   1              IN2=1;IN3=1;
  59   1              IN1=0;IN4=0;
  60   1              pwmL=9;pwmR=12+R_FIX;
  61   1      }
  62          void c_turnRightSlow(void){
  63   1              IN2=1;IN3=1;
  64   1              IN1=0;IN4=0;
  65   1              pwmL=15;pwmR=0+R_FIX;
  66   1      }
  67          
  68          
  69          void control(){
  70   1              if(trace4 == 0 &&trace3 == 0 &&trace2== 0 &&trace1 == 0 )//未检测到黑线
  71   1              {
  72   2                      c_stop();
  73   2              }
  74   1              if(trace4 == 0 &&trace3 == 1 &&trace2== 1 &&trace1 == 0)//黑线中
  75   1              {
  76   2                       //c_turnLeftStop();//
  77   2                      c_goStraight();
  78   2              }
  79   1              if(trace4 == 0 &&trace3 == 0 &&trace2== 1 &&trace1 == 0)//偏左
  80   1              {
  81   2                      c_turnRight();
  82   2                      Delay(4);
  83   2                      if(trace4 == 0 &&trace3 == 0 &&trace2== 0 &&trace1 == 0)
  84   2                      {
  85   3                              c_turnLeft();
  86   3                              Delay(50);
  87   3                      }
  88   2              }
  89   1              if(trace4 == 0 &&trace3 == 1 &&trace2== 0 &&trace1 == 0)//偏右
  90   1              {
  91   2                      c_turnLeft();
  92   2                      Delay(4);
  93   2                      if(trace4 == 0 &&trace3 == 0 &&trace2== 0 &&trace1 == 0)
  94   2                      {
  95   3                              c_turnRight();
  96   3                              Delay(50);
  97   3                      }
  98   2              }
  99   1              
 100   1      //      if(trace4 == 0 &&trace3 == 0 &&trace2== 0 &&trace1 == 1)//很偏左  //废除：实测不可行
 101   1      //      {
 102   1      //              c_turnRightSlow();
 103   1      //              Delay(30);
 104   1      //      }
 105   1      //      if(trace4 == 1 &&trace3 == 0 &&trace2== 0 &&trace1 == 0)//很偏右
 106   1      //      {
 107   1      //              c_turnLeftSlow();
 108   1      //              Delay(30);
 109   1      //      }
 110   1              
 111   1              if((trace4 == 1 &&trace3 == 1 &&trace2== 1 &&trace1 == 0 )||(trace4 == 1 &&trace3 == 1 &&trace2== 0 &&tra
             -ce1 == 0))//直角左转
 112   1              {
 113   2                      c_goStraight();
 114   2                      Delay(50);//
 115   2                      if(trace4 == 0 &&trace3 == 0 &&trace2== 0 &&trace1 == 0 )//未检测到黑线
C51 COMPILER V9.54   CONTROL                                                               01/29/2024 20:55:34 PAGE 3   

 116   2                      {
 117   3                              c_stop();
 118   3                              Delay(200);
 119   3                              //c_turnLeftStop();
 120   3                              c_turnLeftFast();
 121   3                              while(!(trace4 == 0 &&trace3 == 1 &&trace2== 0 &&trace1 == 0 ));
 122   3                              Delay(200);
 123   3                              c_turnRightSlow();
 124   3                              while(!(trace4 == 0 &&trace3 == 1 &&trace2== 1 &&trace1 == 0 ));
 125   3                              c_turnLeftSlow();
 126   3                              Delay(800);
 127   3                      }
 128   2                      
 129   2              }
 130   1      //      //以下为未经测试的代码
 131   1      //      if((trace4 == 0 &&trace3 == 1 &&trace2== 1 &&trace1 == 1 )||(trace4 == 0 &&trace3 == 0 &&trace2== 1 &&t
             -race1 == 1))//直角右转
 132   1      //      {
 133   1      //              c_goStraight();
 134   1      //              Delay(50);//
 135   1      //              if(trace4 == 0 &&trace3 == 0 &&trace2== 0 &&trace1 == 0 )//未检测到黑线
 136   1      //              {
 137   1      //                      c_stop();
 138   1      //                      Delay(200);
 139   1      //                      c_turnRightStop();
 140   1      //                      while(!(trace4 == 0 &&trace3 == 0 &&trace2== 1 &&trace1 == 0 ));
 141   1      //              }
 142   1      //              
 143   1      //      }
 144   1              
 145   1              
 146   1      }


MODULE INFORMATION:   STATIC OVERLAYABLE
   CODE SIZE        =    366    ----
   CONSTANT SIZE    =   ----    ----
   XDATA SIZE       =   ----    ----
   PDATA SIZE       =   ----    ----
   DATA SIZE        =   ----    ----
   IDATA SIZE       =   ----    ----
   BIT SIZE         =   ----    ----
END OF MODULE INFORMATION.


C51 COMPILATION COMPLETE.  0 WARNING(S),  0 ERROR(S)
