C51 COMPILER V9.54   MAIN                                                                  01/29/2024 20:55:34 PAGE 1   


C51 COMPILER V9.54, COMPILATION OF MODULE MAIN
OBJECT MODULE PLACED IN .\Objects\main.obj
COMPILER INVOKED BY: D:\software\keilc51\C51\BIN\C51.EXE main.c OPTIMIZE(8,SPEED) BROWSE DEBUG OBJECTEXTEND PRINT(.\List
                    -ings\main.lst) OBJECT(.\Objects\main.obj)

line level    source

   1          #include <REGX52.H>
   2          #include "Timer0.h"
   3          #include "control.h"
   4          #include "Delay.h"
   5          
   6          typedef enum{false = 0,true =1} bool;
   7          typedef enum{right = 0,back =1} direction;
   8          direction L = right;direction R = right;
   9          int pwmL,pwmR;
  10          int modeL,modeR;
  11          //in1，2为左 in2向前
  12          //in3，4为右，in3向前
  13          
  14          //sbit IN1=P1^4;
  15          //sbit IN2=P1^5;
  16          //sbit IN3=P1^3;
  17          //sbit IN4=P1^2;
  18          //sbit EN1=P1^7;
  19          //sbit EN2=P1^6;
  20          ////最右是trace1
  21          //sbit trace1  =P2^3;
  22          //sbit trace2  =P2^2;
  23          //sbit trace3  =P2^1;
  24          //sbit trace4  =P2^0;
  25          
  26          
  27          
  28          int main(void){
  29   1              Timer0Init();
  30   1              pwmL =60;pwmR=55;
  31   1              P1=0x00;
  32   1              //IN2=1;IN3=1;
  33   1              EN1=1;EN2=1;
  34   1              while(1){
  35   2                      control();
  36   2              }
  37   1              return 0 ;
  38   1      }
  39          
  40          
  41          void Timer0_Rountine(void) interrupt 1
  42          {
  43   1              static unsigned int countT,countS;
  44   1              countT++;
  45   1              countT%=100;
  46   1              countT++;
  47   1              countT%=100;
  48   1              TL0 = 0x66;             //设置定时初值
  49   1              TH0 = 0xFC;             //设置定时初值
  50   1      //      if(countT>=50){
  51   1      //              P2_0=~P2_0;
  52   1      //      }
  53   1              if(pwmL<=countT){
  54   2                      EN1 = 0;
C51 COMPILER V9.54   MAIN                                                                  01/29/2024 20:55:34 PAGE 2   

  55   2              }
  56   1              if(pwmL>countT){
  57   2                      EN1 =1;
  58   2              }
  59   1              
  60   1              if(pwmR<=countT){
  61   2                      EN2 = 0;
  62   2              }
  63   1              if(pwmR>countT){
  64   2                      EN2 =1;
  65   2              }
  66   1              
  67   1              
  68   1      }
*** WARNING C280 IN LINE 43 OF main.c: 'countS': unreferenced local variable
*** WARNING C294 IN LINE 37 OF main.c: unreachable code


MODULE INFORMATION:   STATIC OVERLAYABLE
   CODE SIZE        =    165    ----
   CONSTANT SIZE    =   ----    ----
   XDATA SIZE       =   ----    ----
   PDATA SIZE       =   ----    ----
   DATA SIZE        =     14    ----
   IDATA SIZE       =   ----    ----
   BIT SIZE         =   ----    ----
END OF MODULE INFORMATION.


C51 COMPILATION COMPLETE.  2 WARNING(S),  0 ERROR(S)
