C51 COMPILER V9.54   MAIN                                                                  12/27/2023 12:43:08 PAGE 1   


C51 COMPILER V9.54, COMPILATION OF MODULE MAIN
OBJECT MODULE PLACED IN .\Objects\main.obj
COMPILER INVOKED BY: D:\software\keilc51\C51\BIN\C51.EXE main.c OPTIMIZE(8,SPEED) BROWSE DEBUG OBJECTEXTEND PRINT(.\List
                    -ings\main.lst) OBJECT(.\Objects\main.obj)

line level    source

   1          //#include <REGX52.H>
   2          //#include "Timer1.h"
   3          //#include "Delay.h"
   4          
   5          //typedef enum{false = 0,true =1} bool;
   6          //int count =0;
   7          //sbit sgControl = P2^3;
   8          //int pwm = 1; 
   9          //void main()
  10          //{
  11          //      Timer1Init();
  12          //      sgControl =0;
  13          //      while(1){
  14          //              count =0;
  15          //      pwm = 1; 
  16          //      Delay(400);
  17          //              count =0;
  18          //      pwm = 2; 
  19          //      Delay(400);
  20          //              count =0;
  21          //      pwm = 3; 
  22          //      Delay(400);
  23          //              count =0;
  24          //      pwm = 4; 
  25          //      Delay(400);
  26          //              count =0;
  27          //      pwm = 5; 
  28          //      Delay(400);
  29          //      }
  30          //}
  31          
  32          //void Timer1_Rountine(void) interrupt 3
  33          //{
  34          //      //static unsigned int count;
  35          //      TL1 = 0x33;             //设置定时初值
  36          //      TH1 = 0xFE;             //设置定时初值
  37          //      count++;
  38          //      count%=40;
  39          //      if(count<pwm){
  40          //              sgControl = 1;
  41          //      }else
  42          //      {
  43          //              sgControl = 0;
  44          //      }
  45          
  46          //}
  47          
  48          
  49          
  50          
  51          #include <REG52.H>
  52          
  53          /*     自定义变量类型    */
  54          typedef unsigned char uchar;   //0~255
C51 COMPILER V9.54   MAIN                                                                  12/27/2023 12:43:08 PAGE 2   

  55          typedef unsigned int uint;     //0~65535
  56          
  57          uchar Turn_angle;
  58          sbit PWM = P2^3;  //信号线
  59          uchar kk = 0;
  60          
  61          //延迟1ms
  62          void delay_ms(uint c)   //误差 0us
  63          {
  64   1          uint a,b;
  65   1          for(;c>0;c--)
  66   1              for(b=102;b>0;b--)
  67   1                  for(a=3;a>0;a--);
  68   1      }
  69          
  70          void Time0_Init()          //定时器初始化
  71          {
  72   1              TMOD = 0x01;           //定时器0工作在方式1
  73   1              EA = 1;
  74   1              ET0 = 1;
  75   1              TH0  = 0xfe;
  76   1              TL0  = 0x33;                   //11.0592MZ晶振，0.5ms
  77   1              TR0=1;                 //定时器开始
  78   1      }
  79          
  80          void main()
  81          {
  82   1          Time0_Init();
  83   1         //PWM = 0;
  84   1      
  85   1          while (1)
  86   1          {
  87   2              kk = 0;
  88   2              Turn_angle = 1; //归零   1--0 2--45 3--90 4--135 5--180
  89   2              delay_ms(100);
  90   2                      
  91   2                                       kk = 0;
  92   2                      Turn_angle = 2; //归零   1--0 2--45 3--90 4--135 5--180
  93   2              delay_ms(100);
  94   2                      
  95   2                                       kk = 0;
  96   2                      Turn_angle = 3; //归零   1--0 2--45 3--90 4--135 5--180
  97   2              delay_ms(100);
  98   2                      
  99   2                                                       kk = 0;
 100   2                      Turn_angle = 4; //归零   1--0 2--45 3--90 4--135 5--180
 101   2              delay_ms(100);
 102   2      
 103   2              kk = 0;
 104   2              Turn_angle = 5; //旋转
 105   2              delay_ms(100);
 106   2          }
 107   1      }
 108          
 109          void timer0() interrupt 1
 110          {
 111   1          //TR0 = 0;  //关闭计时
 112   1          TH0  = 0xfe;
 113   1          TL0  = 0x33;                   //11.0592MZ晶振，0.5ms
 114   1      
 115   1          if(kk<=Turn_angle)   //1---0度  2---45度 3---90 4--- 135度  5---180度
 116   1          {
C51 COMPILER V9.54   MAIN                                                                  12/27/2023 12:43:08 PAGE 3   

 117   2              PWM = 1;
 118   2          }
 119   1          else
 120   1          {
 121   2              PWM = 0;
 122   2          }
 123   1          if(kk==40)   //一个周期20ms
 124   1          {
 125   2              kk = 0;
 126   2          }
 127   1          kk ++;
 128   1          //TR0 = 1;  //开启计时
 129   1      }
 130          
 131          
 132          
 133          


MODULE INFORMATION:   STATIC OVERLAYABLE
   CODE SIZE        =    159    ----
   CONSTANT SIZE    =   ----    ----
   XDATA SIZE       =   ----    ----
   PDATA SIZE       =   ----    ----
   DATA SIZE        =      2    ----
   IDATA SIZE       =   ----    ----
   BIT SIZE         =   ----    ----
END OF MODULE INFORMATION.


C51 COMPILATION COMPLETE.  0 WARNING(S),  0 ERROR(S)
