C51 COMPILER V9.54   CONTROL                                                               01/29/2024 15:05:26 PAGE 1   


C51 COMPILER V9.54, COMPILATION OF MODULE CONTROL
OBJECT MODULE PLACED IN .\Objects\control.obj
COMPILER INVOKED BY: D:\software\keilc51\C51\BIN\C51.EXE control.c OPTIMIZE(8,SPEED) BROWSE DEBUG OBJECTEXTEND PRINT(.\L
                    -istings\control.lst) OBJECT(.\Objects\control.obj)

line level    source

   1          #include <REGX52.H>
   2          #include "control.h"
   3          #include "Delay.h"
   4          
   5          //extern sbit IN1=P1^4;
   6          //extern sbit IN2=P1^5;
   7          //extern sbit IN3=P1^3;
   8          //extern sbit IN4=P1^2;
   9          //extern sbit EN1=P1^7;
  10          //extern sbit EN2=P1^6;
  11          //extern sbit trace1  =P2^3;
  12          //extern sbit trace2  =P2^2;
  13          //extern sbit trace3  =P2^1;
  14          //extern sbit trace4  =P2^0;
  15          
  16          #define R_FIX 6 //右修正量（车一直向右偏）
  17          
  18          
  19          //c_ 小车车轮运动控制函数
  20          extern int pwmL,pwmR;
  21          void c_stop(void){
  22   1              IN2=0;IN3=0;
  23   1              IN1=0;IN4=0;
  24   1              pwmL=0;pwmR=0;
  25   1      }
  26          void c_goStraight(void){
  27   1              IN2=1;IN3=1;
  28   1              IN1=0;IN4=0;
  29   1              pwmL=25;pwmR=25+R_FIX;//30
  30   1      }
  31          void c_turnLeft(void){
  32   1              IN2=1;IN3=1;
  33   1              IN1=0;IN4=0;
  34   1              pwmL=20;pwmR=30+R_FIX;
  35   1      }
  36          void c_turnRight(void){
  37   1              IN2=1;IN3=1;
  38   1              IN1=0;IN4=0;
  39   1              pwmL=30;pwmR=20+R_FIX;
  40   1      }
  41          void c_turnLeftStop(void){
  42   1              IN2=0;IN3=1;
  43   1              IN1=1;IN4=0;
  44   1              pwmL=60;pwmR=40+R_FIX;
  45   1      }
  46          void c_turnRightStop(void){
  47   1              IN2=1;IN3=0;
  48   1              IN1=0;IN4=1;
  49   1              pwmL=40;pwmR=75+R_FIX;
  50   1      }
  51          void c_turnLeftFast(void){
  52   1              IN2=1;IN3=1;
  53   1              IN1=0;IN4=0;
  54   1              pwmL=1;pwmR=20+R_FIX;
C51 COMPILER V9.54   CONTROL                                                               01/29/2024 15:05:26 PAGE 2   

  55   1      }
  56          
  57          
  58          void c_turnLeftSlow(void){
  59   1              IN2=1;IN3=1;
  60   1              IN1=0;IN4=0;
  61   1              pwmL=1;pwmR=15+R_FIX;
  62   1      }
  63          void c_turnRightSlow(void){
  64   1              IN2=1;IN3=1;
  65   1              IN1=0;IN4=0;
  66   1              pwmL=18;pwmR=0+R_FIX;
  67   1      }
  68          
  69          
  70          void control(){
  71   1              if(trace4 == 0 &&trace3 == 0 &&trace2== 0 &&trace1 == 0 )//未检测到黑线
  72   1              {
  73   2                      c_stop();
  74   2              }
  75   1              if(trace4 == 0 &&trace3 == 1 &&trace2== 1 &&trace1 == 0)//黑线中
  76   1              {
  77   2                       //c_turnLeftStop();//
  78   2                      c_goStraight();
  79   2              }
  80   1              if(trace4 == 0 &&trace3 == 0 &&trace2== 1 &&trace1 == 0)//偏左
  81   1              {
  82   2                      c_turnRight();
  83   2                      Delay(4);
  84   2                      if(trace4 == 0 &&trace3 == 0 &&trace2== 0 &&trace1 == 0)
  85   2                      {
  86   3                              c_turnLeft();
  87   3                              Delay(50);
  88   3                      }
  89   2              }
  90   1              if(trace4 == 0 &&trace3 == 1 &&trace2== 0 &&trace1 == 0)//偏右
  91   1              {
  92   2                      c_turnLeft();
  93   2                      Delay(4);
  94   2                      if(trace4 == 0 &&trace3 == 0 &&trace2== 0 &&trace1 == 0)
  95   2                      {
  96   3                              c_turnRight();
  97   3                              Delay(50);
  98   3                      }
  99   2              }
 100   1              if((trace4 == 1 &&trace3 == 1 &&trace2== 1 &&trace1 == 0 )||(trace4 == 1 &&trace3 == 1 &&trace2== 0 &&tra
             -ce1 == 0))//直角左转
 101   1              {
 102   2                      c_goStraight();
 103   2                      Delay(50);//
 104   2                      if(trace4 == 0 &&trace3 == 0 &&trace2== 0 &&trace1 == 0 )//未检测到黑线
 105   2                      {
 106   3                              c_stop();
 107   3                              Delay(200);
 108   3                              //c_turnLeftStop();
 109   3                              c_turnLeftFast();
 110   3                              while(!(trace4 == 0 &&trace3 == 1 &&trace2== 0 &&trace1 == 0 ));
 111   3                              Delay(200);
 112   3                              c_turnRightSlow();
 113   3                              while(!(trace4 == 0 &&trace3 == 1 &&trace2== 1 &&trace1 == 0 ));
 114   3      
 115   3                      }
C51 COMPILER V9.54   CONTROL                                                               01/29/2024 15:05:26 PAGE 3   

 116   2                      
 117   2              }
 118   1      //      //以下为未经测试的代码
 119   1      //      if((trace4 == 0 &&trace3 == 1 &&trace2== 1 &&trace1 == 1 )||(trace4 == 0 &&trace3 == 0 &&trace2== 1 &&t
             -race1 == 1))//直角右转
 120   1      //      {
 121   1      //              c_goStraight();
 122   1      //              Delay(50);//
 123   1      //              if(trace4 == 0 &&trace3 == 0 &&trace2== 0 &&trace1 == 0 )//未检测到黑线
 124   1      //              {
 125   1      //                      c_stop();
 126   1      //                      Delay(200);
 127   1      //                      c_turnRightStop();
 128   1      //                      while(!(trace4 == 0 &&trace3 == 0 &&trace2== 1 &&trace1 == 0 ));
 129   1      //              }
 130   1      //              
 131   1      //      }
 132   1              
 133   1              
 134   1      }


MODULE INFORMATION:   STATIC OVERLAYABLE
   CODE SIZE        =    398    ----
   CONSTANT SIZE    =   ----    ----
   XDATA SIZE       =   ----    ----
   PDATA SIZE       =   ----    ----
   DATA SIZE        =   ----    ----
   IDATA SIZE       =   ----    ----
   BIT SIZE         =   ----    ----
END OF MODULE INFORMATION.


C51 COMPILATION COMPLETE.  0 WARNING(S),  0 ERROR(S)
