C51 COMPILER V9.54   MAIN                                                                  11/21/2023 23:11:39 PAGE 1   


C51 COMPILER V9.54, COMPILATION OF MODULE MAIN
OBJECT MODULE PLACED IN .\Objects\main.obj
COMPILER INVOKED BY: D:\software\keilc51\C51\BIN\C51.EXE main.c OPTIMIZE(8,SPEED) BROWSE DEBUG OBJECTEXTEND PRINT(.\List
                    -ings\main.lst) OBJECT(.\Objects\main.obj)

line level    source

   1          #include <REGX52.H>
   2          #include <INTRINS.H>
   3          #include "LCD1602.h"    //包含LCD1602头文件
   4          #include "Delay.h"              //包含Delay头文件
   5          //#include "MatrixKey.h"
   6          //#include "Timer0.h"
   7          #include "key.h"
   8          //#include "DS1302.h"
   9          //#include "Nixie.h"
  10          #include "AT24C02.h"
  11          
  12          sbit beep = P2^5;
  13          int i = 0;
  14          
  15          typedef enum{false = 0,true =1} bool;
  16          unsigned int keyNum = 0;
  17          unsigned int num = 0;
  18          
  19          void main()
  20          {
  21   1              LCD_Init();
  22   1              while(1){
  23   2                      keyNum = key();
  24   2                      if(keyNum == 1){
  25   3                              num++;
  26   3                              LCD_ShowNum(2,1,num,5);
  27   3                      }
  28   2                      if(keyNum == 2){
  29   3                              num--;
  30   3                              LCD_ShowNum(2,1,num,5);
  31   3                      }
  32   2                      if(keyNum == 4){
  33   3                              num = AT24C02_receiveByte(0); //低位
  34   3                              num |= AT24C02_receiveByte(1)<<8;
  35   3                              LCD_ShowNum(2,1,num,5);
  36   3                              LCD_ShowString(1,1,"Read OK");
  37   3                              Delay(1000);
  38   3                              LCD_ShowString(1,1,"         ");
  39   3                      }
  40   2                      if(keyNum == 3){
  41   3                              LCD_ShowNum(2,1,num,5);
  42   3                              AT24C02_sendByte(0,num%256);
  43   3                              Delay(5);
  44   3                              AT24C02_sendByte(1,num/256);
  45   3                              Delay(5);
  46   3                              LCD_ShowString(1,1,"Write OK");
  47   3                              Delay(1000);
  48   3                              LCD_ShowString(1,1,"         ");
  49   3                      }
  50   2              }
  51   1              
  52   1              
  53   1              
  54   1              
C51 COMPILER V9.54   MAIN                                                                  11/21/2023 23:11:39 PAGE 2   

  55   1              
  56   1              
  57   1      //      unsigned char i;
  58   1      //      LCD_Init();
  59   1      //      AT24C02_sendByte(0,123);
  60   1      //      Delay(5);
  61   1      //      i = AT24C02_receiveByte(0);
  62   1      //      LCD_ShowNum(1,1,i,5);
  63   1      }
  64          
  65          //void Timer0_Rountine(void) interrupt 1
  66          //{
  67          //      static unsigned int T0count;
  68          //      T0count++;
  69          //      TL0 = 0x66;             //设置定时初值
  70          //      TH0 = 0xFC;             //设置定时初值
  71          //      if(T0count == 1000){
  72          //              if(blankJudge)
  73          //                      blankJudge = 0;
  74          //              else
  75          //                      blankJudge = 1;
  76          
  77          //              T0count = 0;
  78          //      }
  79          //}


MODULE INFORMATION:   STATIC OVERLAYABLE
   CODE SIZE        =    237    ----
   CONSTANT SIZE    =     27    ----
   XDATA SIZE       =   ----    ----
   PDATA SIZE       =   ----    ----
   DATA SIZE        =      6    ----
   IDATA SIZE       =   ----    ----
   BIT SIZE         =   ----    ----
END OF MODULE INFORMATION.


C51 COMPILATION COMPLETE.  0 WARNING(S),  0 ERROR(S)
