C51 COMPILER V9.54   KEY_SELFPLUS                                                          11/22/2023 17:47:29 PAGE 1   


C51 COMPILER V9.54, COMPILATION OF MODULE KEY_SELFPLUS
OBJECT MODULE PLACED IN .\Objects\key_selfPlus.obj
COMPILER INVOKED BY: D:\software\keilc51\C51\BIN\C51.EXE key_selfPlus.c OPTIMIZE(8,SPEED) BROWSE DEBUG OBJECTEXTEND PRIN
                    -T(.\Listings\key_selfPlus.lst) OBJECT(.\Objects\key_selfPlus.obj)

line level    source

   1          #include <REGX52.H>
   2          
   3          unsigned char key_keynum = 0;
   4          
   5          unsigned char key_getStatus(void){
   6   1              unsigned char key = 0;
   7   1              if(P3_1 == 0){key = 1;}
   8   1              if(P3_0 == 0){key = 2;}
   9   1              if(P3_2 == 0){key = 3;}
  10   1              if(P3_3 == 0){key = 4;}
  11   1              return key;
  12   1      }
  13          
  14          unsigned char key_return(void){
  15   1              unsigned char temp;
  16   1              temp = key_keynum ; 
  17   1              key_keynum = 0;
  18   1              return temp;
  19   1      }
  20          
  21          void key_loop(void){
  22   1              static unsigned char nowStatus,beforeStatus;
  23   1              beforeStatus = nowStatus ; 
  24   1              nowStatus = key_getStatus();
  25   1              if(beforeStatus == 1 &&nowStatus == 0){
  26   2                      key_keynum =1;
  27   2              }
  28   1              if(beforeStatus == 2 &&nowStatus == 0){
  29   2                      key_keynum =2;
  30   2              }
  31   1              if(beforeStatus == 3 &&nowStatus == 0){
  32   2                      key_keynum =3;
  33   2              }
  34   1              if(beforeStatus == 4 &&nowStatus == 0){
  35   2                      key_keynum =4;
  36   2              }
  37   1      }


MODULE INFORMATION:   STATIC OVERLAYABLE
   CODE SIZE        =     85    ----
   CONSTANT SIZE    =   ----    ----
   XDATA SIZE       =   ----    ----
   PDATA SIZE       =   ----    ----
   DATA SIZE        =      3    ----
   IDATA SIZE       =   ----    ----
   BIT SIZE         =   ----    ----
END OF MODULE INFORMATION.


C51 COMPILATION COMPLETE.  0 WARNING(S),  0 ERROR(S)
