C51 COMPILER V9.54   MAIN                                                                  11/22/2023 17:47:28 PAGE 1   


C51 COMPILER V9.54, COMPILATION OF MODULE MAIN
OBJECT MODULE PLACED IN .\Objects\main.obj
COMPILER INVOKED BY: D:\software\keilc51\C51\BIN\C51.EXE main.c OPTIMIZE(8,SPEED) BROWSE DEBUG OBJECTEXTEND PRINT(.\List
                    -ings\main.lst) OBJECT(.\Objects\main.obj)

line level    source

   1          #include <REGX52.H>
   2          #include <INTRINS.H>
   3          #include "LCD1602.h"    //包含LCD1602头文件
   4          //#include "Delay.h"            //包含Delay头文件
   5          //#include "MatrixKey.h"
   6          #include "Timer0.h"
   7          //#include "key.h"
   8          //#include "DS1302.h"
   9          #include "Nixie.h"
  10          #include "AT24C02.h"
  11          #include "key_selfPlus.h"
  12          
  13          
  14          sbit beep = P2^5;
  15          int i = 0;
  16          
  17          typedef enum{false = 0,true =1} bool;
  18          unsigned int keyNum = 0;
  19          unsigned int num = 0;
  20          
  21          void main()
  22          {
  23   1              unsigned char temp ; 
  24   1              Timer0Init();
  25   1              while(1){
  26   2                      keyNum = key_return();
  27   2                      if(keyNum){
  28   3                              temp = keyNum;
  29   3                              Nixie(1,temp);
  30   3                      }
  31   2              }
  32   1              
  33   1              
  34   1              
  35   1              
  36   1              
  37   1      }
  38          
  39          void Timer0_Rountine(void) interrupt 1
  40          {
  41   1              static unsigned int T0count;
  42   1              T0count++;
  43   1              TL0 = 0x66;             //设置定时初值
  44   1              TH0 = 0xFC;             //设置定时初值
  45   1              if(T0count == 20){
  46   2                      //P2_5 = 0;
  47   2                      key_loop();
  48   2                      T0count = 0;
  49   2              }
  50   1      }


MODULE INFORMATION:   STATIC OVERLAYABLE
   CODE SIZE        =    119    ----
C51 COMPILER V9.54   MAIN                                                                  11/22/2023 17:47:28 PAGE 2   

   CONSTANT SIZE    =   ----    ----
   XDATA SIZE       =   ----    ----
   PDATA SIZE       =   ----    ----
   DATA SIZE        =      8       1
   IDATA SIZE       =   ----    ----
   BIT SIZE         =   ----    ----
END OF MODULE INFORMATION.


C51 COMPILATION COMPLETE.  0 WARNING(S),  0 ERROR(S)
