C51 COMPILER V9.54   AT24C02                                                               11/30/2023 23:49:00 PAGE 1   


C51 COMPILER V9.54, COMPILATION OF MODULE AT24C02
OBJECT MODULE PLACED IN .\Objects\AT24C02.obj
COMPILER INVOKED BY: D:\software\keilc51\C51\BIN\C51.EXE AT24C02.c OPTIMIZE(8,SPEED) BROWSE DEBUG OBJECTEXTEND PRINT(.\L
                    -istings\AT24C02.lst) OBJECT(.\Objects\AT24C02.obj)

line level    source

   1          #include <REGX52.H>
   2          #include "I2C.h"
   3          
   4          #define AT24C02_address 0xA0
   5          
   6          
   7          void AT24C02_sendByte(unsigned char address,content){
   8   1              I2C_Start();
   9   1              I2C_sendByte(AT24C02_address);
  10   1              receiveAck();
  11   1              I2C_sendByte(address);
  12   1              receiveAck();
  13   1              I2C_sendByte(content);
  14   1              receiveAck();
  15   1              I2C_Stop();
  16   1      }
  17          
  18          unsigned char AT24C02_receiveByte(unsigned char address){
  19   1              unsigned char target;
  20   1              I2C_Start();
  21   1              I2C_sendByte(AT24C02_address);
  22   1              receiveAck();
  23   1              I2C_sendByte(address);
  24   1              receiveAck();
  25   1              I2C_Start();
  26   1              I2C_sendByte(AT24C02_address|0x01);
  27   1              receiveAck();
  28   1              target = I2C_receiveByte();
  29   1              sendAck(1);
  30   1              I2C_Stop();
  31   1              return target;
  32   1              
  33   1              
  34   1      }


MODULE INFORMATION:   STATIC OVERLAYABLE
   CODE SIZE        =     84    ----
   CONSTANT SIZE    =   ----    ----
   XDATA SIZE       =   ----    ----
   PDATA SIZE       =   ----    ----
   DATA SIZE        =   ----       5
   IDATA SIZE       =   ----    ----
   BIT SIZE         =   ----    ----
END OF MODULE INFORMATION.


C51 COMPILATION COMPLETE.  0 WARNING(S),  0 ERROR(S)
