C51 COMPILER V9.54   UART                                                                  11/30/2023 22:24:17 PAGE 1   


C51 COMPILER V9.54, COMPILATION OF MODULE UART
OBJECT MODULE PLACED IN .\Objects\UART.obj
COMPILER INVOKED BY: D:\software\keilc51\C51\BIN\C51.EXE UART.c OPTIMIZE(8,SPEED) BROWSE DEBUG OBJECTEXTEND PRINT(.\List
                    -ings\UART.lst) OBJECT(.\Objects\UART.obj)

line level    source

   1          #include <REGX52.H>
   2          extern unsigned char rawChar[10];
   3          /**
   4            * @brief  串口初始化，4800bps@12.000MHz
   5            * @param  无
   6            * @retval 无
   7            */
   8          
   9          
  10          
  11          
  12          
  13          void UART_Init(void)            //9600bps@11.0592MHz
  14          {
  15   1              PCON &= 0x7F;           //波特率不倍速
  16   1              SCON = 0x50;            //8位数据,可变波特率
  17   1              TMOD &= 0x0F;           //清除定时器1模式位
  18   1              TMOD |= 0x20;           //设定定时器1为8位自动重装方式
  19   1              TL1 = 0xFD;             //设定定时初值
  20   1              TH1 = 0xFD;             //设定定时器重装值
  21   1              ET1 = 0;                //禁止定时器1中断
  22   1              TR1 = 1;                //启动定时器1
  23   1              EA=1;
  24   1              ES=1;
  25   1      }
  26          
  27          
  28          
  29          /**
  30            * @brief  串口发送一个字节数据
  31            * @param  Byte 要发送的一个字节数据
  32            * @retval 无
  33            */
  34          void UART_SendByte(unsigned char Byte)
  35          {
  36   1              SBUF=Byte;
  37   1              while(TI==0);
  38   1              TI=0;
  39   1      }
  40          void PutString(unsigned char *TXStr)  
  41           {                
  42   1           ES=0;     
  43   1            while(*TXStr!=0) 
  44   1           {                      
  45   2               SBUF=*TXStr;
  46   2               while(TI==0);
  47   2               TI=0;    
  48   2               TXStr++;
  49   2           }
  50   1           ES=1; 
  51   1       }   
  52          bit ReceiveString()    
  53            {
  54   1            char * RecStr=rawChar;
C51 COMPILER V9.54   UART                                                                  11/30/2023 22:24:17 PAGE 2   

  55   1            char num=0;
  56   1            unsigned char count=0;
  57   1            loop:    
  58   1            *RecStr=SBUF;
  59   1            count=0;
  60   1            RI=0;    
  61   1            if(num<10)  //数据包长度为15个字符,尝试连续接收15个字符
  62   1            {
  63   2                num++;
  64   2                RecStr++;    
  65   2                while(!RI)
  66   2                {
  67   3                    count++;
  68   3                    if(count>140)return 0;    //接收数据等待延迟，等待时间太久会导致CPU运算
             -置，太短会出现"数据包被分割",默认count=130
  69   3                }
  70   2                goto loop;
  71   2            }
  72   1            return 1;
  73   1        }
  74          
  75          /*串口中断函数模板
  76          void UART_Routine() interrupt 4
  77          {
  78                  if(RI==1)
  79                  {
  80                          
  81                          RI=0;
  82                  }
  83          }
  84          */


MODULE INFORMATION:   STATIC OVERLAYABLE
   CODE SIZE        =    107    ----
   CONSTANT SIZE    =   ----    ----
   XDATA SIZE       =   ----    ----
   PDATA SIZE       =   ----    ----
   DATA SIZE        =   ----    ----
   IDATA SIZE       =   ----    ----
   BIT SIZE         =   ----    ----
END OF MODULE INFORMATION.


C51 COMPILATION COMPLETE.  0 WARNING(S),  0 ERROR(S)
